2026-05-26 14:38:19.502 +05:30 [DBG] Hosting starting
2026-05-26 14:38:19.581 +05:30 [INF] Application started. Press Ctrl+C to shut down.
2026-05-26 14:38:19.589 +05:30 [INF] Hosting environment: Production
2026-05-26 14:38:19.590 +05:30 [INF] Content root path: F:\Project\AuraWave-new\AuraWave.App\bin\Debug\net10.0-windows
2026-05-26 14:38:19.590 +05:30 [DBG] Hosting started
2026-05-26 14:38:19.618 +05:30 [INF] [SYSTEM] AuraWave prototype measurement suite — physical hardware
2026-05-26 14:38:19.639 +05:30 [INF] [SYSTEM] Workflow: Connect → Calibrate (HOME) → Start scan → 360° pattern with averaged VNA reads
2026-05-26 14:38:19.641 +05:30 [INF] [PROJECT] New project: Untitled Measurement
2026-05-26 14:38:19.642 +05:30 [INF] [SYSTEM] AuraWave — physical hardware mode (no simulation)
2026-05-26 14:38:19.642 +05:30 [INF] [SYSTEM] Connect VNA, Arduino turntable, and RF switch on Hardware Control before scanning
2026-05-26 14:39:01.791 +05:30 [INF] [IMPORT] VNA CSV: 4 traces, 201 points, 0.001–20.000 GHz
2026-05-26 14:39:01.858 +05:30 [INF] [IMPORT] VNA snapshot loaded: UEM Ayan S parameters (2).csv
2026-05-26 14:39:13.826 +05:30 [INF] [VNA] Disconnected
2026-05-26 14:39:13.832 +05:30 [DBG] Hosting stopping
2026-05-26 14:39:13.833 +05:30 [INF] Application is shutting down...
2026-05-26 14:39:13.833 +05:30 [DBG] Hosting stopped
2026-05-26 14:55:52.763 +05:30 [DBG] Hosting starting
2026-05-26 14:55:52.825 +05:30 [INF] Application started. Press Ctrl+C to shut down.
2026-05-26 14:55:52.832 +05:30 [INF] Hosting environment: Production
2026-05-26 14:55:52.833 +05:30 [INF] Content root path: F:\Project\AuraWave-new\AuraWave.App\bin\Debug\net10.0-windows
2026-05-26 14:55:52.833 +05:30 [DBG] Hosting started
2026-05-26 14:55:52.855 +05:30 [INF] [SYSTEM] AuraWave prototype measurement suite — physical hardware
2026-05-26 14:55:52.864 +05:30 [INF] [SYSTEM] Workflow: Connect → Calibrate (HOME) → Start scan → 360° pattern with averaged VNA reads
2026-05-26 14:55:52.866 +05:30 [INF] [PROJECT] New project: Untitled Measurement
2026-05-26 14:55:52.866 +05:30 [INF] [SYSTEM] AuraWave — physical hardware mode (no simulation)
2026-05-26 14:55:52.866 +05:30 [INF] [SYSTEM] Connect VNA, Arduino turntable, and RF switch on Hardware Control before scanning
2026-05-26 14:58:06.605 +05:30 [DBG] Hosting starting
2026-05-26 14:58:06.668 +05:30 [INF] Application started. Press Ctrl+C to shut down.
2026-05-26 14:58:06.674 +05:30 [INF] Hosting environment: Production
2026-05-26 14:58:06.675 +05:30 [INF] Content root path: F:\Project\AuraWave-new\AuraWave.App\bin\Debug\net10.0-windows
2026-05-26 14:58:06.675 +05:30 [DBG] Hosting started
2026-05-26 14:58:06.698 +05:30 [INF] [SYSTEM] AuraWave prototype measurement suite — physical hardware
2026-05-26 14:58:06.707 +05:30 [INF] [SYSTEM] Workflow: Connect → Calibrate (HOME) → Start scan → 360° pattern with averaged VNA reads
2026-05-26 14:58:06.709 +05:30 [INF] [PROJECT] New project: Untitled Measurement
2026-05-26 14:58:06.709 +05:30 [INF] [SYSTEM] AuraWave — physical hardware mode (no simulation)
2026-05-26 14:58:06.709 +05:30 [INF] [SYSTEM] Connect VNA, Arduino turntable, and RF switch on Hardware Control before scanning
2026-05-26 14:58:15.472 +05:30 [INF] [VNA] Disconnected
2026-05-26 14:58:15.489 +05:30 [DBG] Hosting stopping
2026-05-26 14:58:15.490 +05:30 [INF] Application is shutting down...
2026-05-26 14:58:15.491 +05:30 [DBG] Hosting stopped
2026-05-26 14:59:11.843 +05:30 [DBG] Hosting starting
2026-05-26 14:59:11.905 +05:30 [INF] Application started. Press Ctrl+C to shut down.
2026-05-26 14:59:11.911 +05:30 [INF] Hosting environment: Production
2026-05-26 14:59:11.912 +05:30 [INF] Content root path: F:\Project\AuraWave-new\AuraWave.App\bin\Debug\net10.0-windows
2026-05-26 14:59:11.912 +05:30 [DBG] Hosting started
2026-05-26 14:59:11.934 +05:30 [INF] [SYSTEM] AuraWave prototype measurement suite — physical hardware
2026-05-26 14:59:11.943 +05:30 [INF] [SYSTEM] Workflow: Connect → Calibrate (HOME) → Start scan → 360° pattern with averaged VNA reads
2026-05-26 14:59:11.945 +05:30 [INF] [PROJECT] New project: Untitled Measurement
2026-05-26 14:59:11.946 +05:30 [INF] [SYSTEM] AuraWave — physical hardware mode (no simulation)
2026-05-26 14:59:11.946 +05:30 [INF] [SYSTEM] Connect VNA, Arduino turntable, and RF switch on Hardware Control before scanning
2026-05-26 15:05:30.941 +05:30 [INF] [SETTINGS] Configuration saved to F:\Project\AuraWave-new\AuraWave.App\bin\Debug\net10.0-windows\appsettings.json
2026-05-26 15:05:30.950 +05:30 [INF] [SETTINGS] Saved — restart scheduled (TTL=COM3, VNA=192.168.1.100:5025)
2026-05-26 15:05:36.650 +05:30 [INF] [VNA] Disconnected
2026-05-26 15:05:36.664 +05:30 [DBG] Hosting stopping
2026-05-26 15:05:36.667 +05:30 [INF] Application is shutting down...
2026-05-26 15:05:36.667 +05:30 [DBG] Hosting stopped
2026-05-26 15:05:37.161 +05:30 [DBG] Hosting starting
2026-05-26 15:05:37.238 +05:30 [INF] Application started. Press Ctrl+C to shut down.
2026-05-26 15:05:37.246 +05:30 [INF] Hosting environment: Production
2026-05-26 15:05:37.249 +05:30 [INF] Content root path: F:\Project\AuraWave-new\AuraWave.App\bin\Debug\net10.0-windows
2026-05-26 15:05:37.249 +05:30 [DBG] Hosting started
2026-05-26 15:05:37.292 +05:30 [INF] [SYSTEM] AuraWave prototype measurement suite — physical hardware
2026-05-26 15:05:37.310 +05:30 [INF] [SYSTEM] Workflow: Connect → Calibrate (HOME) → Start scan → 360° pattern with averaged VNA reads
2026-05-26 15:05:37.320 +05:30 [INF] [PROJECT] New project: Untitled Measurement
2026-05-26 15:05:37.321 +05:30 [INF] [SYSTEM] AuraWave — physical hardware mode (no simulation)
2026-05-26 15:05:37.321 +05:30 [INF] [SYSTEM] Connect VNA, Arduino turntable, and RF switch on Hardware Control before scanning
2026-05-26 15:05:43.264 +05:30 [WRN] [HW] No COM ports detected — plug in USB cables and refresh
2026-05-26 15:06:09.665 +05:30 [WRN] [HW] No COM ports detected — plug in USB cables and refresh
2026-05-26 15:06:31.165 +05:30 [INF] [SETTINGS] Configuration saved to F:\Project\AuraWave-new\AuraWave.App\bin\Debug\net10.0-windows\appsettings.json
2026-05-26 15:06:31.170 +05:30 [INF] [SETTINGS] Saved — restart scheduled (TTL=COM3, VNA=192.168.2.200:5025)
2026-05-26 15:06:36.444 +05:30 [INF] [VNA] Disconnected
2026-05-26 15:06:36.464 +05:30 [DBG] Hosting stopping
2026-05-26 15:06:36.464 +05:30 [INF] Application is shutting down...
2026-05-26 15:06:36.465 +05:30 [DBG] Hosting stopped
2026-05-26 15:06:37.078 +05:30 [DBG] Hosting starting
2026-05-26 15:06:37.141 +05:30 [INF] Application started. Press Ctrl+C to shut down.
2026-05-26 15:06:37.148 +05:30 [INF] Hosting environment: Production
2026-05-26 15:06:37.149 +05:30 [INF] Content root path: F:\Project\AuraWave-new\AuraWave.App\bin\Debug\net10.0-windows
2026-05-26 15:06:37.149 +05:30 [DBG] Hosting started
2026-05-26 15:06:37.172 +05:30 [INF] [SYSTEM] AuraWave prototype measurement suite — physical hardware
2026-05-26 15:06:37.181 +05:30 [INF] [SYSTEM] Workflow: Connect → Calibrate (HOME) → Start scan → 360° pattern with averaged VNA reads
2026-05-26 15:06:37.183 +05:30 [INF] [PROJECT] New project: Untitled Measurement
2026-05-26 15:06:37.183 +05:30 [INF] [SYSTEM] AuraWave — physical hardware mode (no simulation)
2026-05-26 15:06:37.183 +05:30 [INF] [SYSTEM] Connect VNA, Arduino turntable, and RF switch on Hardware Control before scanning
2026-05-26 15:06:40.052 +05:30 [WRN] [HW] No COM ports detected — plug in USB cables and refresh
2026-05-26 15:13:39.422 +05:30 [WRN] [EXPORT] No active measurement — complete a scan first
2026-05-26 15:19:51.780 +05:30 [INF] [TURNTABLE] Homing — clockwise then anticlockwise to reference...
2026-05-26 15:20:02.964 +05:30 [DBG] Hosting starting
2026-05-26 15:20:03.028 +05:30 [INF] Application started. Press Ctrl+C to shut down.
2026-05-26 15:20:03.035 +05:30 [INF] Hosting environment: Production
2026-05-26 15:20:03.036 +05:30 [INF] Content root path: F:\Project\AuraWave-new\AuraWave.App\bin\Debug\net10.0-windows
2026-05-26 15:20:03.036 +05:30 [DBG] Hosting started
2026-05-26 15:20:03.060 +05:30 [INF] [SYSTEM] AuraWave prototype measurement suite — physical hardware
2026-05-26 15:20:03.069 +05:30 [INF] [SYSTEM] Workflow: Connect → Calibrate (HOME) → Start scan → 360° pattern with averaged VNA reads
2026-05-26 15:20:03.070 +05:30 [INF] [PROJECT] New project: Untitled Measurement
2026-05-26 15:20:03.071 +05:30 [INF] [SYSTEM] AuraWave — physical hardware mode (no simulation)
2026-05-26 15:20:03.071 +05:30 [INF] [SYSTEM] Connect VNA, Arduino turntable, and RF switch on Hardware Control before scanning
2026-05-26 15:21:39.102 +05:30 [INF] [VNA] Disconnected
2026-05-26 15:21:39.133 +05:30 [DBG] Hosting stopping
2026-05-26 15:21:39.134 +05:30 [INF] Application is shutting down...
2026-05-26 15:21:39.135 +05:30 [DBG] Hosting stopped
2026-05-26 15:24:44.867 +05:30 [DBG] Hosting starting
2026-05-26 15:24:44.929 +05:30 [INF] Application started. Press Ctrl+C to shut down.
2026-05-26 15:24:44.935 +05:30 [INF] Hosting environment: Production
2026-05-26 15:24:44.936 +05:30 [INF] Content root path: F:\Project\AuraWave-new\AuraWave.App\bin\Debug\net10.0-windows
2026-05-26 15:24:44.936 +05:30 [DBG] Hosting started
2026-05-26 15:24:44.958 +05:30 [INF] [SYSTEM] AuraWave prototype measurement suite — physical hardware
2026-05-26 15:24:44.967 +05:30 [INF] [SYSTEM] Workflow: Connect → Calibrate (HOME) → Start scan → 360° pattern with averaged VNA reads
2026-05-26 15:24:44.968 +05:30 [INF] [PROJECT] New project: Untitled Measurement
2026-05-26 15:24:44.969 +05:30 [INF] [SYSTEM] AuraWave — physical hardware mode (no simulation)
2026-05-26 15:24:44.969 +05:30 [INF] [SYSTEM] Connect VNA, Arduino turntable, and RF switch on Hardware Control before scanning
2026-05-26 15:24:52.259 +05:30 [WRN] [SAFETY] ════════════════════════════════════════
2026-05-26 15:24:52.273 +05:30 [WRN] [SAFETY] EMERGENCY STOP — source: Shell sidebar
2026-05-26 15:24:52.276 +05:30 [WRN] [SAFETY] Halting scan, VNA measurement, and turntable motion
2026-05-26 15:24:52.278 +05:30 [WRN] [SAFETY] ════════════════════════════════════════
2026-05-26 15:24:52.282 +05:30 [WRN] [SCAN] Scan abort requested — stopping turntable
2026-05-26 15:24:52.608 +05:30 [WRN] [TURNTABLE] E-STOP latched (turntable not connected)
2026-05-26 15:24:56.801 +05:30 [INF] [SAFETY] Clearing emergency stop — operator confirmed safe to continue
2026-05-26 15:24:56.805 +05:30 [INF] [TURNTABLE] Emergency stop cleared on controller
2026-05-26 15:24:56.808 +05:30 [INF] [SAFETY] E-STOP cleared — home turntable before next scan
2026-05-26 15:25:01.885 +05:30 [WRN] [HW] No COM ports detected — plug in USB cables and refresh
2026-05-26 15:25:47.663 +05:30 [WRN] [SAFETY] ════════════════════════════════════════
2026-05-26 15:25:47.666 +05:30 [WRN] [SAFETY] EMERGENCY STOP — source: Shell sidebar
2026-05-26 15:25:47.669 +05:30 [WRN] [SAFETY] Halting scan, VNA measurement, and turntable motion
2026-05-26 15:25:47.672 +05:30 [WRN] [SAFETY] ════════════════════════════════════════
2026-05-26 15:25:47.675 +05:30 [WRN] [SCAN] Scan abort requested — stopping turntable
2026-05-26 15:25:47.688 +05:30 [WRN] [TURNTABLE] E-STOP latched (turntable not connected)
2026-05-26 15:25:50.926 +05:30 [INF] [SAFETY] Clearing emergency stop — operator confirmed safe to continue
2026-05-26 15:25:50.930 +05:30 [INF] [TURNTABLE] Emergency stop cleared on controller
2026-05-26 15:25:50.934 +05:30 [INF] [SAFETY] E-STOP cleared — home turntable before next scan
2026-05-26 15:25:53.567 +05:30 [WRN] [SAFETY] ════════════════════════════════════════
2026-05-26 15:25:53.571 +05:30 [WRN] [SAFETY] EMERGENCY STOP — source: Shell sidebar
2026-05-26 15:25:53.575 +05:30 [WRN] [SAFETY] Halting scan, VNA measurement, and turntable motion
2026-05-26 15:25:53.579 +05:30 [WRN] [SAFETY] ════════════════════════════════════════
2026-05-26 15:25:53.583 +05:30 [WRN] [SCAN] Scan abort requested — stopping turntable
2026-05-26 15:25:53.587 +05:30 [WRN] [TURNTABLE] E-STOP latched (turntable not connected)
2026-05-26 15:25:55.871 +05:30 [INF] [SAFETY] Clearing emergency stop — operator confirmed safe to continue
2026-05-26 15:25:55.875 +05:30 [INF] [TURNTABLE] Emergency stop cleared on controller
2026-05-26 15:25:55.879 +05:30 [INF] [SAFETY] E-STOP cleared — home turntable before next scan
2026-05-26 15:25:57.399 +05:30 [WRN] [SAFETY] ════════════════════════════════════════
2026-05-26 15:25:57.404 +05:30 [WRN] [SAFETY] EMERGENCY STOP — source: Live Measurement
2026-05-26 15:25:57.408 +05:30 [WRN] [SAFETY] Halting scan, VNA measurement, and turntable motion
2026-05-26 15:25:57.413 +05:30 [WRN] [SAFETY] ════════════════════════════════════════
2026-05-26 15:25:57.418 +05:30 [WRN] [SCAN] Scan abort requested — stopping turntable
2026-05-26 15:25:57.423 +05:30 [WRN] [TURNTABLE] E-STOP latched (turntable not connected)
2026-05-26 15:25:58.902 +05:30 [INF] [SAFETY] Clearing emergency stop — operator confirmed safe to continue
2026-05-26 15:25:58.907 +05:30 [INF] [TURNTABLE] Emergency stop cleared on controller
2026-05-26 15:25:58.913 +05:30 [INF] [SAFETY] E-STOP cleared — home turntable before next scan
2026-05-26 15:26:03.079 +05:30 [WRN] [SCAN] Scan abort requested — stopping turntable
2026-05-26 15:26:32.463 +05:30 [INF] [CAL] Starting VNA calibration sequence...
2026-05-26 15:27:15.547 +05:30 [DBG] Hosting starting
2026-05-26 15:27:15.609 +05:30 [INF] Application started. Press Ctrl+C to shut down.
2026-05-26 15:27:15.616 +05:30 [INF] Hosting environment: Production
2026-05-26 15:27:15.616 +05:30 [INF] Content root path: F:\Project\AuraWave-new\AuraWave.App\bin\Debug\net10.0-windows
2026-05-26 15:27:15.617 +05:30 [DBG] Hosting started
2026-05-26 15:27:15.639 +05:30 [INF] [SYSTEM] AuraWave prototype measurement suite — physical hardware
2026-05-26 15:27:15.648 +05:30 [INF] [SYSTEM] Workflow: Connect → Calibrate (HOME) → Start scan → 360° pattern with averaged VNA reads
2026-05-26 15:27:15.649 +05:30 [INF] [PROJECT] New project: Untitled Measurement
2026-05-26 15:27:15.650 +05:30 [INF] [SYSTEM] AuraWave — physical hardware mode (no simulation)
2026-05-26 15:27:15.650 +05:30 [INF] [SYSTEM] Connect VNA, Arduino turntable, and RF switch on Hardware Control before scanning
2026-05-26 15:27:36.004 +05:30 [WRN] [HW] No COM ports detected — plug in USB cables and refresh
2026-05-26 15:28:09.248 +05:30 [INF] [IMPORT] VNA CSV: 4 traces, 201 points, 0.001–20.000 GHz
2026-05-26 15:28:09.285 +05:30 [INF] [IMPORT] VNA snapshot loaded: UEM Ayan S parameters (2).csv
2026-05-26 15:32:45.424 +05:30 [INF] [VNA] Disconnected
2026-05-26 15:32:45.471 +05:30 [DBG] Hosting stopping
2026-05-26 15:32:45.472 +05:30 [INF] Application is shutting down...
2026-05-26 15:32:45.473 +05:30 [DBG] Hosting stopped
2026-05-26 15:32:49.734 +05:30 [DBG] Hosting starting
2026-05-26 15:32:49.795 +05:30 [INF] Application started. Press Ctrl+C to shut down.
2026-05-26 15:32:49.802 +05:30 [INF] Hosting environment: Production
2026-05-26 15:32:49.803 +05:30 [INF] Content root path: F:\Project\AuraWave-new\AuraWave.App\bin\Debug\net10.0-windows
2026-05-26 15:32:49.803 +05:30 [DBG] Hosting started
2026-05-26 15:32:49.825 +05:30 [INF] [SYSTEM] AuraWave prototype measurement suite — physical hardware
2026-05-26 15:32:49.834 +05:30 [INF] [SYSTEM] Workflow: Connect → Calibrate (HOME) → Start scan → 360° pattern with averaged VNA reads
2026-05-26 15:32:49.835 +05:30 [INF] [PROJECT] New project: Untitled Measurement
2026-05-26 15:32:49.836 +05:30 [INF] [SYSTEM] AuraWave — physical hardware mode (no simulation)
2026-05-26 15:32:49.836 +05:30 [INF] [SYSTEM] Connect VNA, Arduino turntable, and RF switch on Hardware Control before scanning
2026-05-26 15:35:23.764 +05:30 [INF] [VNA] Disconnected
2026-05-26 15:35:23.791 +05:30 [DBG] Hosting stopping
2026-05-26 15:35:23.792 +05:30 [INF] Application is shutting down...
2026-05-26 15:35:23.793 +05:30 [DBG] Hosting stopped
2026-05-26 15:35:56.904 +05:30 [DBG] Hosting starting
2026-05-26 15:35:57.035 +05:30 [INF] Application started. Press Ctrl+C to shut down.
2026-05-26 15:35:57.042 +05:30 [INF] Hosting environment: Production
2026-05-26 15:35:57.068 +05:30 [INF] Content root path: F:\Project\AuraWave-new\AuraWave.App\bin\Debug\net10.0-windows
2026-05-26 15:35:57.068 +05:30 [DBG] Hosting started
2026-05-26 15:35:57.113 +05:30 [INF] [SYSTEM] AuraWave prototype measurement suite — physical hardware
2026-05-26 15:35:57.132 +05:30 [INF] [SYSTEM] Workflow: Connect → Calibrate (HOME) → Start scan → 360° pattern with averaged VNA reads
2026-05-26 15:35:57.134 +05:30 [INF] [PROJECT] New project: Untitled Measurement
2026-05-26 15:35:57.134 +05:30 [INF] [SYSTEM] AuraWave — physical hardware mode (no simulation)
2026-05-26 15:35:57.135 +05:30 [INF] [SYSTEM] Connect VNA, Arduino turntable, and RF switch on Hardware Control before scanning
2026-05-26 15:36:13.724 +05:30 [ERR] [SETUP] VNA is not connected. Open Hardware Control and connect the vector network analyzer (TCP or serial SCPI).
2026-05-26 15:38:52.899 +05:30 [WRN] [EXPORT] No active measurement — complete a scan first
2026-05-26 15:38:53.816 +05:30 [WRN] [EXPORT] No active measurement — complete a scan first
2026-05-26 15:38:55.361 +05:30 [WRN] [REPORT] No measurement data to report
2026-05-26 15:38:56.000 +05:30 [WRN] [REPORT] No measurement data to report
2026-05-26 15:38:56.472 +05:30 [WRN] [REPORT] No measurement data to report
2026-05-26 15:39:04.070 +05:30 [INF] [VNA] Disconnected
2026-05-26 15:39:04.162 +05:30 [DBG] Hosting stopping
2026-05-26 15:39:04.172 +05:30 [INF] Application is shutting down...
2026-05-26 15:39:04.173 +05:30 [DBG] Hosting stopped
2026-05-26 15:45:47.113 +05:30 [DBG] Hosting starting
2026-05-26 15:45:47.188 +05:30 [INF] Application started. Press Ctrl+C to shut down.
2026-05-26 15:45:47.195 +05:30 [INF] Hosting environment: Production
2026-05-26 15:45:47.196 +05:30 [INF] Content root path: F:\Project\AuraWave-new\AuraWave.App\bin\Debug\net10.0-windows
2026-05-26 15:45:47.196 +05:30 [DBG] Hosting started
2026-05-26 15:45:47.226 +05:30 [INF] [SYSTEM] AuraWave prototype measurement suite — physical hardware
2026-05-26 15:45:47.236 +05:30 [INF] [SYSTEM] Workflow: Connect → Calibrate (HOME) → Start scan → 360° pattern with averaged VNA reads
2026-05-26 15:45:47.237 +05:30 [INF] [PROJECT] New project: Untitled Measurement
2026-05-26 15:45:47.238 +05:30 [INF] [SYSTEM] AuraWave — physical hardware mode (no simulation)
2026-05-26 15:45:47.238 +05:30 [INF] [SYSTEM] Connect VNA, Arduino turntable, and RF switch on Hardware Control before scanning
2026-05-26 15:45:51.812 +05:30 [WRN] [HW] No COM ports detected — plug in USB cables and refresh
2026-05-26 15:46:20.647 +05:30 [INF] [SYSTEM] Console cleared
2026-05-26 15:47:56.578 +05:30 [INF] [VNA] Disconnected
2026-05-26 15:47:56.585 +05:30 [DBG] Hosting stopping
2026-05-26 15:47:56.586 +05:30 [INF] Application is shutting down...
2026-05-26 15:47:56.587 +05:30 [DBG] Hosting stopped
2026-05-26 15:57:54.971 +05:30 [DBG] Hosting starting
2026-05-26 15:57:55.043 +05:30 [INF] Application started. Press Ctrl+C to shut down.
2026-05-26 15:57:55.050 +05:30 [INF] Hosting environment: Production
2026-05-26 15:57:55.051 +05:30 [INF] Content root path: F:\Project\AuraWave-new\AuraWave.App\bin\Debug\net10.0-windows
2026-05-26 15:57:55.051 +05:30 [DBG] Hosting started
2026-05-26 15:57:55.074 +05:30 [INF] [SYSTEM] AuraWave prototype measurement suite — physical hardware
2026-05-26 15:57:55.089 +05:30 [INF] [SYSTEM] Workflow: Connect → Calibrate (HOME) → Start scan → 360° pattern with averaged VNA reads
2026-05-26 15:57:55.091 +05:30 [INF] [PROJECT] New project: Untitled Measurement
2026-05-26 15:57:55.091 +05:30 [INF] [SYSTEM] AuraWave — physical hardware mode (no simulation)
2026-05-26 15:57:55.091 +05:30 [INF] [SYSTEM] Connect VNA, Arduino turntable, and RF switch on Hardware Control before scanning
2026-05-26 15:58:05.786 +05:30 [ERR] [SETUP] VNA is not connected. Open Hardware Control and connect the vector network analyzer (TCP or serial SCPI).
2026-05-26 15:58:09.170 +05:30 [INF] [TURNTABLE] Homing — clockwise then anticlockwise to reference...
2026-05-26 17:01:20.803 +05:30 [DBG] Hosting starting
2026-05-26 17:01:20.898 +05:30 [INF] Application started. Press Ctrl+C to shut down.
2026-05-26 17:01:20.904 +05:30 [INF] Hosting environment: Production
2026-05-26 17:01:20.906 +05:30 [INF] Content root path: F:\Project\AuraWave-new\AuraWave.App\bin\Debug\net10.0-windows
2026-05-26 17:01:20.906 +05:30 [DBG] Hosting started
2026-05-26 17:01:20.928 +05:30 [INF] [SYSTEM] AuraWave prototype measurement suite — physical hardware
2026-05-26 17:01:20.943 +05:30 [INF] [SYSTEM] Workflow: Connect → Calibrate (HOME) → Start scan → 360° pattern with averaged VNA reads
2026-05-26 17:01:20.944 +05:30 [INF] [PROJECT] New project: Untitled Measurement
2026-05-26 17:01:20.944 +05:30 [INF] [SYSTEM] AuraWave — physical hardware mode (no simulation)
2026-05-26 17:01:20.945 +05:30 [INF] [SYSTEM] Connect VNA, Arduino turntable, and RF switch on Hardware Control before scanning
2026-05-26 17:03:53.880 +05:30 [INF] [VNA] Disconnected
2026-05-26 17:03:53.906 +05:30 [DBG] Hosting stopping
2026-05-26 17:03:53.907 +05:30 [INF] Application is shutting down...
2026-05-26 17:03:53.908 +05:30 [DBG] Hosting stopped
